<?xml version="1.0" encoding="UTF-8"?>
<testng-results ignored="0" total="3" passed="3" failed="0" skipped="0">
  <reporter-output>
  </reporter-output>
  <suite started-at="2025-07-19T23:01:17 IST" name="PetStoreAPI" finished-at="2025-07-19T23:01:23 IST" duration-ms="5415">
    <groups>
    </groups>
    <test started-at="2025-07-19T23:01:17 IST" name="Pet API Tests" finished-at="2025-07-19T23:01:23 IST" duration-ms="5415">
      <class name="tests.PostAddNewPetToStore">
        <test-method is-config="true" signature="setup()[pri:0, instance:tests.PostAddNewPetToStore@1ed4ae0f]" started-at="2025-07-19T23:01:21 IST" name="setup" finished-at="2025-07-19T23:01:21 IST" duration-ms="1" status="PASS">
          <reporter-output>
          </reporter-output>
        </test-method> <!-- setup -->
        <test-method signature="postPetByValidDetails()[pri:0, instance:tests.PostAddNewPetToStore@1ed4ae0f]" started-at="2025-07-19T23:01:21 IST" name="postPetByValidDetails" finished-at="2025-07-19T23:01:23 IST" duration-ms="1336" status="PASS">
          <reporter-output>
          </reporter-output>
        </test-method> <!-- postPetByValidDetails -->
      </class> <!-- tests.PostAddNewPetToStore -->
      <class name="tests.PetTests">
        <test-method is-config="true" signature="setup()[pri:0, instance:tests.PetTests@942a29c]" started-at="2025-07-19T23:01:18 IST" name="setup" finished-at="2025-07-19T23:01:18 IST" duration-ms="7" status="PASS">
          <reporter-output>
          </reporter-output>
        </test-method> <!-- setup -->
        <test-method signature="getPetById()[pri:0, instance:tests.PetTests@942a29c]" started-at="2025-07-19T23:01:18 IST" name="getPetById" finished-at="2025-07-19T23:01:20 IST" duration-ms="2602" status="PASS">
          <reporter-output>
          </reporter-output>
        </test-method> <!-- getPetById -->
      </class> <!-- tests.PetTests -->
      <class name="tests.StoreTests">
        <test-method is-config="true" signature="setup()[pri:0, instance:tests.StoreTests@f78a47e]" started-at="2025-07-19T23:01:20 IST" name="setup" finished-at="2025-07-19T23:01:20 IST" duration-ms="1" status="PASS">
          <reporter-output>
          </reporter-output>
        </test-method> <!-- setup -->
        <test-method signature="getPetById()[pri:0, instance:tests.StoreTests@f78a47e]" started-at="2025-07-19T23:01:20 IST" name="getPetById" finished-at="2025-07-19T23:01:21 IST" duration-ms="1165" status="PASS">
          <reporter-output>
          </reporter-output>
        </test-method> <!-- getPetById -->
      </class> <!-- tests.StoreTests -->
    </test> <!-- Pet API Tests -->
  </suite> <!-- PetStoreAPI -->
</testng-results>
