<?xml version="1.0" encoding="UTF-8"?>
<testng-results ignored="0" total="4" passed="4" failed="0" skipped="0">
  <reporter-output>
  </reporter-output>
  <suite started-at="2025-07-20T22:05:27 IST" name="PetStoreAPI" finished-at="2025-07-20T22:05:34 IST" duration-ms="7364">
    <groups>
    </groups>
    <test started-at="2025-07-20T22:05:27 IST" name="Pet API Tests" finished-at="2025-07-20T22:05:34 IST" duration-ms="7364">
      <class name="tests.PostAddNewPetToStore">
        <test-method is-config="true" signature="setup()[pri:0, instance:tests.PostAddNewPetToStore@534a5a98]" started-at="2025-07-20T22:05:27 IST" name="setup" finished-at="2025-07-20T22:05:27 IST" duration-ms="8" status="PASS">
          <reporter-output>
          </reporter-output>
        </test-method> <!-- setup -->
        <test-method signature="postPetByValidDetails()[pri:0, instance:tests.PostAddNewPetToStore@534a5a98]" started-at="2025-07-20T22:05:27 IST" name="postPetByValidDetails" finished-at="2025-07-20T22:05:31 IST" duration-ms="3645" status="PASS">
          <reporter-output>
          </reporter-output>
        </test-method> <!-- postPetByValidDetails -->
      </class> <!-- tests.PostAddNewPetToStore -->
      <class name="tests.DeletesApet">
        <test-method is-config="true" signature="setup()[pri:0, instance:tests.DeletesApet@6d4d66d2]" started-at="2025-07-20T22:05:33 IST" name="setup" finished-at="2025-07-20T22:05:33 IST" duration-ms="1" status="PASS">
          <reporter-output>
          </reporter-output>
        </test-method> <!-- setup -->
        <test-method signature="getPetById()[pri:0, instance:tests.DeletesApet@6d4d66d2]" started-at="2025-07-20T22:05:33 IST" name="getPetById" finished-at="2025-07-20T22:05:34 IST" duration-ms="1144" status="PASS">
          <reporter-output>
          </reporter-output>
        </test-method> <!-- getPetById -->
      </class> <!-- tests.DeletesApet -->
      <class name="tests.GetPetByID">
        <test-method is-config="true" signature="setup()[pri:0, instance:tests.GetPetByID@1ed4ae0f]" started-at="2025-07-20T22:05:31 IST" name="setup" finished-at="2025-07-20T22:05:31 IST" duration-ms="1" status="PASS">
          <reporter-output>
          </reporter-output>
        </test-method> <!-- setup -->
        <test-method signature="getPetById()[pri:0, instance:tests.GetPetByID@1ed4ae0f]" started-at="2025-07-20T22:05:31 IST" name="getPetById" finished-at="2025-07-20T22:05:32 IST" duration-ms="1134" status="PASS">
          <reporter-output>
          </reporter-output>
        </test-method> <!-- getPetById -->
      </class> <!-- tests.GetPetByID -->
      <class name="tests.StoreTests">
        <test-method is-config="true" signature="setup()[pri:0, instance:tests.StoreTests@54c5a2ff]" started-at="2025-07-20T22:05:32 IST" name="setup" finished-at="2025-07-20T22:05:32 IST" duration-ms="2" status="PASS">
          <reporter-output>
          </reporter-output>
        </test-method> <!-- setup -->
        <test-method signature="getPetById()[pri:0, instance:tests.StoreTests@54c5a2ff]" started-at="2025-07-20T22:05:32 IST" name="getPetById" finished-at="2025-07-20T22:05:33 IST" duration-ms="1078" status="PASS">
          <reporter-output>
          </reporter-output>
        </test-method> <!-- getPetById -->
      </class> <!-- tests.StoreTests -->
    </test> <!-- Pet API Tests -->
  </suite> <!-- PetStoreAPI -->
</testng-results>
