<?xml version="1.0" encoding="UTF-8"?>
<!-- Generated by org.testng.reporters.JUnitXMLReporter -->
<testsuite ignored="0" hostname="DESKTOP-1G66SN1" failures="0" tests="4" name="Pet API Tests" time="14.743" errors="0" timestamp="2025-07-21T11:58:19 IST">
  <testcase classname="tests.PostAddNewPetToStore" name="postPetByValidDetails" time="8.07"/>
  <testcase classname="tests.GetPetByID" name="getPetById" time="1.464"/>
  <testcase classname="tests.StoreTests" name="getPetById" time="1.374"/>
  <testcase classname="tests.DeletesApet" name="getPetById" time="1.323"/>
</testsuite> <!-- Pet API Tests -->
