<?xml version="1.0" encoding="UTF-8"?>
<!-- Generated by org.testng.reporters.JUnitXMLReporter -->
<testsuite ignored="0" hostname="DESKTOP-A34NH13" failures="0" tests="3" name="Pet API Tests" time="5.415" errors="0" timestamp="2025-07-19T23:01:23 IST">
  <testcase classname="tests.PetTests" name="getPetById" time="2.602"/>
  <testcase classname="tests.StoreTests" name="getPetById" time="1.165"/>
  <testcase classname="tests.PostAddNewPetToStore" name="postPetByValidDetails" time="1.336"/>
</testsuite> <!-- Pet API Tests -->
